2013/08/28 13:38:17 [error] [exception.OAuthException] exception 'OAuthException' with message 'Invalid auth/bad request (got a 502, expected HTTP/1.1 20X or a redirect)' in /home/slava/www/yii.loc/store/protected/vendors/Dropbox/OAuth/PHP.php:73
Stack trace:
#0 /home/slava/www/yii.loc/store/protected/vendors/Dropbox/OAuth/PHP.php(73): OAuth->fetch('https://api.dro...', Array, 'GET', Array)
#1 /home/slava/www/yii.loc/store/protected/vendors/Dropbox/API.php(227): Dropbox_OAuth_PHP->fetch('https://api.dro...', Array)
#2 /home/slava/www/yii.loc/store/protected/controllers/DropboxController.php(83): Dropbox_API->getMetaData('')
#3 /home/slava/www/yii.loc/yii/framework/web/actions/CInlineAction.php(49): DropboxController->actionDownload()
#4 /home/slava/www/yii.loc/yii/framework/web/CController.php(308): CInlineAction->runWithParams(Array)
#5 /home/slava/www/yii.loc/yii/framework/web/CController.php(286): CController->runAction(Object(CInlineAction))
#6 /home/slava/www/yii.loc/yii/framework/web/CController.php(265): CController->runActionWithFilters(Object(CInlineAction), Array)
#7 /home/slava/www/yii.loc/yii/framework/web/CWebApplication.php(282): CController->run('download')
#8 /home/slava/www/yii.loc/yii/framework/web/CWebApplication.php(141): CWebApplication->runController('dropbox/downloa...')
#9 /home/slava/www/yii.loc/yii/framework/base/CApplication.php(180): CWebApplication->processRequest()
#10 /home/slava/www/yii.loc/store/index.php(13): CApplication->run()
#11 {main}
REQUEST_URI=/store/index.php?r=dropbox/download&dir=Dropbox
HTTP_REFERER=http://yii.loc/store/?r=admin/fileUploader
---
2013/08/28 15:58:54 [error] [exception.OAuthException] exception 'OAuthException' with message 'Invalid auth/bad request (got a 401, expected HTTP/1.1 20X or a redirect)' in /home/slava/www/yii.loc/store/protected/vendors/Dropbox/OAuth/PHP.php:150
Stack trace:
#0 /home/slava/www/yii.loc/store/protected/vendors/Dropbox/OAuth/PHP.php(150): OAuth->getAccessToken('https://api.dro...')
#1 /home/slava/www/yii.loc/store/protected/controllers/DropboxController.php(56): Dropbox_OAuth_PHP->getAccessToken()
#2 /home/slava/www/yii.loc/yii/framework/web/CWebApplication.php(281): DropboxController->init()
#3 /home/slava/www/yii.loc/yii/framework/web/CWebApplication.php(141): CWebApplication->runController('dropbox/downloa...')
#4 /home/slava/www/yii.loc/yii/framework/base/CApplication.php(180): CWebApplication->processRequest()
#5 /home/slava/www/yii.loc/store/index.php(13): CApplication->run()
#6 {main}
REQUEST_URI=/store/index.php?r=dropbox/download&dir=Dropbox
HTTP_REFERER=http://yii.loc/store/?r=admin/fileUploader
---
2013/08/28 15:58:57 [error] [exception.OAuthException] exception 'OAuthException' with message 'Invalid auth/bad request (got a 401, expected HTTP/1.1 20X or a redirect)' in /home/slava/www/yii.loc/store/protected/vendors/Dropbox/OAuth/PHP.php:150
Stack trace:
#0 /home/slava/www/yii.loc/store/protected/vendors/Dropbox/OAuth/PHP.php(150): OAuth->getAccessToken('https://api.dro...')
#1 /home/slava/www/yii.loc/store/protected/controllers/DropboxController.php(56): Dropbox_OAuth_PHP->getAccessToken()
#2 /home/slava/www/yii.loc/yii/framework/web/CWebApplication.php(281): DropboxController->init()
#3 /home/slava/www/yii.loc/yii/framework/web/CWebApplication.php(141): CWebApplication->runController('dropbox/index')
#4 /home/slava/www/yii.loc/yii/framework/base/CApplication.php(180): CWebApplication->processRequest()
#5 /home/slava/www/yii.loc/store/index.php(13): CApplication->run()
#6 {main}
REQUEST_URI=/store/?r=dropbox/index
---
2013/08/28 19:27:28 [error] [exception.OAuthException] exception 'OAuthException' with message 'Invalid auth/bad request (got a 401, expected HTTP/1.1 20X or a redirect)' in /home/slava/www/yii.loc/store/protected/vendors/Dropbox/OAuth/PHP.php:150
Stack trace:
#0 /home/slava/www/yii.loc/store/protected/vendors/Dropbox/OAuth/PHP.php(150): OAuth->getAccessToken('https://api.dro...')
#1 /home/slava/www/yii.loc/store/protected/controllers/DropboxController.php(56): Dropbox_OAuth_PHP->getAccessToken()
#2 /home/slava/www/yii.loc/yii/framework/web/CWebApplication.php(281): DropboxController->init()
#3 /home/slava/www/yii.loc/yii/framework/web/CWebApplication.php(141): CWebApplication->runController('dropbox/downloa...')
#4 /home/slava/www/yii.loc/yii/framework/base/CApplication.php(180): CWebApplication->processRequest()
#5 /home/slava/www/yii.loc/store/index.php(13): CApplication->run()
#6 {main}
REQUEST_URI=/store/index.php?r=dropbox/download&dir=Dropbox
HTTP_REFERER=http://yii.loc/store/?r=admin/fileUploader
---
2013/08/28 19:27:32 [error] [exception.OAuthException] exception 'OAuthException' with message 'Invalid auth/bad request (got a 401, expected HTTP/1.1 20X or a redirect)' in /home/slava/www/yii.loc/store/protected/vendors/Dropbox/OAuth/PHP.php:150
Stack trace:
#0 /home/slava/www/yii.loc/store/protected/vendors/Dropbox/OAuth/PHP.php(150): OAuth->getAccessToken('https://api.dro...')
#1 /home/slava/www/yii.loc/store/protected/controllers/DropboxController.php(56): Dropbox_OAuth_PHP->getAccessToken()
#2 /home/slava/www/yii.loc/yii/framework/web/CWebApplication.php(281): DropboxController->init()
#3 /home/slava/www/yii.loc/yii/framework/web/CWebApplication.php(141): CWebApplication->runController('dropbox/index')
#4 /home/slava/www/yii.loc/yii/framework/base/CApplication.php(180): CWebApplication->processRequest()
#5 /home/slava/www/yii.loc/store/index.php(13): CApplication->run()
#6 {main}
REQUEST_URI=/store/?r=dropbox/index
---
2013/08/28 19:27:34 [error] [exception.OAuthException] exception 'OAuthException' with message 'Invalid auth/bad request (got a 401, expected HTTP/1.1 20X or a redirect)' in /home/slava/www/yii.loc/store/protected/vendors/Dropbox/OAuth/PHP.php:150
Stack trace:
#0 /home/slava/www/yii.loc/store/protected/vendors/Dropbox/OAuth/PHP.php(150): OAuth->getAccessToken('https://api.dro...')
#1 /home/slava/www/yii.loc/store/protected/controllers/DropboxController.php(56): Dropbox_OAuth_PHP->getAccessToken()
#2 /home/slava/www/yii.loc/yii/framework/web/CWebApplication.php(281): DropboxController->init()
#3 /home/slava/www/yii.loc/yii/framework/web/CWebApplication.php(141): CWebApplication->runController('dropbox/index')
#4 /home/slava/www/yii.loc/yii/framework/base/CApplication.php(180): CWebApplication->processRequest()
#5 /home/slava/www/yii.loc/store/index.php(13): CApplication->run()
#6 {main}
REQUEST_URI=/store/?r=dropbox/index
---
2013/08/29 13:26:58 [error] [exception.OAuthException] exception 'OAuthException' with message 'Invalid auth/bad request (got a 401, expected HTTP/1.1 20X or a redirect)' in /home/slava/www/yii.loc/store/protected/vendors/Dropbox/OAuth/PHP.php:150
Stack trace:
#0 /home/slava/www/yii.loc/store/protected/vendors/Dropbox/OAuth/PHP.php(150): OAuth->getAccessToken('https://api.dro...')
#1 /home/slava/www/yii.loc/store/protected/controllers/DropboxController.php(56): Dropbox_OAuth_PHP->getAccessToken()
#2 /home/slava/www/yii.loc/yii/framework/web/CWebApplication.php(281): DropboxController->init()
#3 /home/slava/www/yii.loc/yii/framework/web/CWebApplication.php(141): CWebApplication->runController('dropbox/downloa...')
#4 /home/slava/www/yii.loc/yii/framework/base/CApplication.php(180): CWebApplication->processRequest()
#5 /home/slava/www/yii.loc/store/index.php(13): CApplication->run()
#6 {main}
REQUEST_URI=/store/index.php?r=dropbox/download&dir=Dropbox%2Fdocs
HTTP_REFERER=http://yii.loc/store/?r=admin/fileUploader
---
2013/08/29 13:27:00 [error] [exception.OAuthException] exception 'OAuthException' with message 'Invalid auth/bad request (got a 401, expected HTTP/1.1 20X or a redirect)' in /home/slava/www/yii.loc/store/protected/vendors/Dropbox/OAuth/PHP.php:150
Stack trace:
#0 /home/slava/www/yii.loc/store/protected/vendors/Dropbox/OAuth/PHP.php(150): OAuth->getAccessToken('https://api.dro...')
#1 /home/slava/www/yii.loc/store/protected/controllers/DropboxController.php(56): Dropbox_OAuth_PHP->getAccessToken()
#2 /home/slava/www/yii.loc/yii/framework/web/CWebApplication.php(281): DropboxController->init()
#3 /home/slava/www/yii.loc/yii/framework/web/CWebApplication.php(141): CWebApplication->runController('dropbox/downloa...')
#4 /home/slava/www/yii.loc/yii/framework/base/CApplication.php(180): CWebApplication->processRequest()
#5 /home/slava/www/yii.loc/store/index.php(13): CApplication->run()
#6 {main}
REQUEST_URI=/store/index.php?r=dropbox/download&dir=Dropbox
HTTP_REFERER=http://yii.loc/store/?r=admin/fileUploader
---
2013/08/29 13:27:07 [error] [exception.OAuthException] exception 'OAuthException' with message 'Invalid auth/bad request (got a 401, expected HTTP/1.1 20X or a redirect)' in /home/slava/www/yii.loc/store/protected/vendors/Dropbox/OAuth/PHP.php:150
Stack trace:
#0 /home/slava/www/yii.loc/store/protected/vendors/Dropbox/OAuth/PHP.php(150): OAuth->getAccessToken('https://api.dro...')
#1 /home/slava/www/yii.loc/store/protected/controllers/DropboxController.php(56): Dropbox_OAuth_PHP->getAccessToken()
#2 /home/slava/www/yii.loc/yii/framework/web/CWebApplication.php(281): DropboxController->init()
#3 /home/slava/www/yii.loc/yii/framework/web/CWebApplication.php(141): CWebApplication->runController('dropbox/index')
#4 /home/slava/www/yii.loc/yii/framework/base/CApplication.php(180): CWebApplication->processRequest()
#5 /home/slava/www/yii.loc/store/index.php(13): CApplication->run()
#6 {main}
REQUEST_URI=/store/?r=dropbox/index
---
2013/08/29 13:27:08 [error] [exception.OAuthException] exception 'OAuthException' with message 'Invalid auth/bad request (got a 401, expected HTTP/1.1 20X or a redirect)' in /home/slava/www/yii.loc/store/protected/vendors/Dropbox/OAuth/PHP.php:150
Stack trace:
#0 /home/slava/www/yii.loc/store/protected/vendors/Dropbox/OAuth/PHP.php(150): OAuth->getAccessToken('https://api.dro...')
#1 /home/slava/www/yii.loc/store/protected/controllers/DropboxController.php(56): Dropbox_OAuth_PHP->getAccessToken()
#2 /home/slava/www/yii.loc/yii/framework/web/CWebApplication.php(281): DropboxController->init()
#3 /home/slava/www/yii.loc/yii/framework/web/CWebApplication.php(141): CWebApplication->runController('dropbox/index')
#4 /home/slava/www/yii.loc/yii/framework/base/CApplication.php(180): CWebApplication->processRequest()
#5 /home/slava/www/yii.loc/store/index.php(13): CApplication->run()
#6 {main}
REQUEST_URI=/store/?r=dropbox/index
---
2013/08/29 13:27:11 [error] [exception.OAuthException] exception 'OAuthException' with message 'Invalid auth/bad request (got a 401, expected HTTP/1.1 20X or a redirect)' in /home/slava/www/yii.loc/store/protected/vendors/Dropbox/OAuth/PHP.php:150
Stack trace:
#0 /home/slava/www/yii.loc/store/protected/vendors/Dropbox/OAuth/PHP.php(150): OAuth->getAccessToken('https://api.dro...')
#1 /home/slava/www/yii.loc/store/protected/controllers/DropboxController.php(56): Dropbox_OAuth_PHP->getAccessToken()
#2 /home/slava/www/yii.loc/yii/framework/web/CWebApplication.php(281): DropboxController->init()
#3 /home/slava/www/yii.loc/yii/framework/web/CWebApplication.php(141): CWebApplication->runController('dropbox/index')
#4 /home/slava/www/yii.loc/yii/framework/base/CApplication.php(180): CWebApplication->processRequest()
#5 /home/slava/www/yii.loc/store/index.php(13): CApplication->run()
#6 {main}
REQUEST_URI=/store/?r=dropbox/index
---
2013/08/29 13:27:15 [error] [exception.OAuthException] exception 'OAuthException' with message 'Invalid auth/bad request (got a 401, expected HTTP/1.1 20X or a redirect)' in /home/slava/www/yii.loc/store/protected/vendors/Dropbox/OAuth/PHP.php:150
Stack trace:
#0 /home/slava/www/yii.loc/store/protected/vendors/Dropbox/OAuth/PHP.php(150): OAuth->getAccessToken('https://api.dro...')
#1 /home/slava/www/yii.loc/store/protected/controllers/DropboxController.php(56): Dropbox_OAuth_PHP->getAccessToken()
#2 /home/slava/www/yii.loc/yii/framework/web/CWebApplication.php(281): DropboxController->init()
#3 /home/slava/www/yii.loc/yii/framework/web/CWebApplication.php(141): CWebApplication->runController('dropbox/index')
#4 /home/slava/www/yii.loc/yii/framework/base/CApplication.php(180): CWebApplication->processRequest()
#5 /home/slava/www/yii.loc/store/index.php(13): CApplication->run()
#6 {main}
REQUEST_URI=/store/?r=dropbox/index
---
2013/08/29 13:33:53 [error] [exception.CHttpException.404] exception 'CHttpException' with message 'The system is unable to find the requested action "index\".' in /home/slava/www/yii.loc/yii/framework/web/CController.php:483
Stack trace:
#0 /home/slava/www/yii.loc/yii/framework/web/CController.php(270): CController->missingAction('index\')
#1 /home/slava/www/yii.loc/yii/framework/web/CWebApplication.php(282): CController->run('index\')
#2 /home/slava/www/yii.loc/yii/framework/web/CWebApplication.php(141): CWebApplication->runController('dropbox/index\')
#3 /home/slava/www/yii.loc/yii/framework/base/CApplication.php(180): CWebApplication->processRequest()
#4 /home/slava/www/yii.loc/store/index.php(13): CApplication->run()
#5 {main}
REQUEST_URI=/store/?r=dropbox/index\
---
2013/08/30 14:04:47 [error] [exception.CException] exception 'CException' with message 'Property "Product.productVarchars" is not defined.' in /home/slava/www/yii.loc/yii/framework/base/CComponent.php:130
Stack trace:
#0 /home/slava/www/yii.loc/yii/framework/db/ar/CActiveRecord.php(145): CComponent->__get('productVarchars')
#1 /home/slava/www/yii.loc/store/protected/views/product/_view.php(10): CActiveRecord->__get('productVarchars')
#2 /home/slava/www/yii.loc/yii/framework/web/CBaseController.php(130): require('/home/slava/www...')
#3 /home/slava/www/yii.loc/yii/framework/web/CBaseController.php(95): CBaseController->renderInternal('/home/slava/www...', Array, false)
#4 /home/slava/www/yii.loc/yii/framework/zii/widgets/CListView.php(291): CBaseController->renderFile('/home/slava/www...', Array)
#5 /home/slava/www/yii.loc/yii/framework/zii/widgets/CBaseListView.php(167): CListView->renderItems()
#6 [internal function]: CBaseListView->renderSection(Array)
#7 /home/slava/www/yii.loc/yii/framework/zii/widgets/CBaseListView.php(150): preg_replace_callback('/{(\w+)}/', Array, '{summary}?{sort...')
#8 /home/slava/www/yii.loc/yii/framework/zii/widgets/CBaseListView.php(135): CBaseListView->renderContent()
#9 /home/slava/www/yii.loc/yii/framework/web/CBaseController.php(173): CBaseListView->run()
#10 /home/slava/www/yii.loc/store/protected/views/product/index.php(20): CBaseController->widget('zii.widgets.CLi...', Array)
#11 /home/slava/www/yii.loc/yii/framework/web/CBaseController.php(126): require('/home/slava/www...')
#12 /home/slava/www/yii.loc/yii/framework/web/CBaseController.php(95): CBaseController->renderInternal('/home/slava/www...', Array, true)
#13 /home/slava/www/yii.loc/yii/framework/web/CController.php(869): CBaseController->renderFile('/home/slava/www...', Array, true)
#14 /home/slava/www/yii.loc/yii/framework/web/CController.php(782): CController->renderPartial('index', Array, true)
#15 /home/slava/www/yii.loc/store/protected/controllers/ProductController.php(128): CController->render('index', Array)
#16 /home/slava/www/yii.loc/yii/framework/web/actions/CInlineAction.php(49): ProductController->actionIndex()
#17 /home/slava/www/yii.loc/yii/framework/web/CController.php(308): CInlineAction->runWithParams(Array)
#18 /home/slava/www/yii.loc/yii/framework/web/filters/CFilterChain.php(133): CController->runAction(Object(CInlineAction))
#19 /home/slava/www/yii.loc/yii/framework/web/filters/CFilter.php(40): CFilterChain->run()
#20 /home/slava/www/yii.loc/yii/framework/web/CController.php(1145): CFilter->filter(Object(CFilterChain))
#21 /home/slava/www/yii.loc/yii/framework/web/filters/CInlineFilter.php(58): CController->filterAccessControl(Object(CFilterChain))
#22 /home/slava/www/yii.loc/yii/framework/web/filters/CFilterChain.php(130): CInlineFilter->filter(Object(CFilterChain))
#23 /home/slava/www/yii.loc/yii/framework/web/CController.php(291): CFilterChain->run()
#24 /home/slava/www/yii.loc/yii/framework/web/CController.php(265): CController->runActionWithFilters(Object(CInlineAction), Array)
#25 /home/slava/www/yii.loc/yii/framework/web/CWebApplication.php(282): CController->run('index')
#26 /home/slava/www/yii.loc/yii/framework/web/CWebApplication.php(141): CWebApplication->runController('product/index')
#27 /home/slava/www/yii.loc/yii/framework/base/CApplication.php(180): CWebApplication->processRequest()
#28 /home/slava/www/yii.loc/store/index.php(13): CApplication->run()
#29 {main}
REQUEST_URI=/store/index.php?r=product/index
HTTP_REFERER=http://yii.loc/store/index.php?r=product/view&id=7070
---
2013/08/31 16:21:40 [error] [exception.CHttpException.404] exception 'CHttpException' with message 'Unable to resolve the request "index/admin/fileUploader".' in /home/slava/www/yii.loc/yii/framework/web/CWebApplication.php:286
Stack trace:
#0 /home/slava/www/yii.loc/yii/framework/web/CWebApplication.php(141): CWebApplication->runController('index/admin/fil...')
#1 /home/slava/www/yii.loc/yii/framework/base/CApplication.php(180): CWebApplication->processRequest()
#2 /home/slava/www/yii.loc/store/index.php(13): CApplication->run()
#3 {main}
REQUEST_URI=/store/index/admin/fileUploader
---
2013/08/31 16:21:47 [error] [exception.CHttpException.404] exception 'CHttpException' with message 'Unable to resolve the request "index/admin/fileUploader".' in /home/slava/www/yii.loc/yii/framework/web/CWebApplication.php:286
Stack trace:
#0 /home/slava/www/yii.loc/yii/framework/web/CWebApplication.php(141): CWebApplication->runController('index/admin/fil...')
#1 /home/slava/www/yii.loc/yii/framework/base/CApplication.php(180): CWebApplication->processRequest()
#2 /home/slava/www/yii.loc/store/index.php(13): CApplication->run()
#3 {main}
REQUEST_URI=/store/index/admin/fileUploader
---
2013/08/31 16:21:57 [error] [exception.CHttpException.404] exception 'CHttpException' with message 'Unable to resolve the request "index/admin/fileUploader".' in /home/slava/www/yii.loc/yii/framework/web/CWebApplication.php:286
Stack trace:
#0 /home/slava/www/yii.loc/yii/framework/web/CWebApplication.php(141): CWebApplication->runController('index/admin/fil...')
#1 /home/slava/www/yii.loc/yii/framework/base/CApplication.php(180): CWebApplication->processRequest()
#2 /home/slava/www/yii.loc/store/index.php(13): CApplication->run()
#3 {main}
REQUEST_URI=/store/index/admin/fileUploader
---
2013/08/31 16:55:00 [error] [exception.CHttpException.404] exception 'CHttpException' with message 'Unable to resolve the request "store".' in /home/slava/www/yii.loc/yii/framework/web/CWebApplication.php:286
Stack trace:
#0 /home/slava/www/yii.loc/yii/framework/web/CWebApplication.php(141): CWebApplication->runController('store')
#1 /home/slava/www/yii.loc/yii/framework/base/CApplication.php(180): CWebApplication->processRequest()
#2 /home/slava/www/yii.loc/store/index.php(13): CApplication->run()
#3 {main}
REQUEST_URI=/store/index.php/store
---
2013/08/31 16:55:13 [error] [exception.CHttpException.404] exception 'CHttpException' with message 'Unable to resolve the request "store".' in /home/slava/www/yii.loc/yii/framework/web/CWebApplication.php:286
Stack trace:
#0 /home/slava/www/yii.loc/yii/framework/web/CWebApplication.php(141): CWebApplication->runController('store')
#1 /home/slava/www/yii.loc/yii/framework/base/CApplication.php(180): CWebApplication->processRequest()
#2 /home/slava/www/yii.loc/store/index.php(13): CApplication->run()
#3 {main}
REQUEST_URI=/store/index.php/store
---
2013/08/31 16:55:28 [error] [exception.CHttpException.404] exception 'CHttpException' with message 'Unable to resolve the request "store".' in /home/slava/www/yii.loc/yii/framework/web/CWebApplication.php:286
Stack trace:
#0 /home/slava/www/yii.loc/yii/framework/web/CWebApplication.php(141): CWebApplication->runController('store')
#1 /home/slava/www/yii.loc/yii/framework/base/CApplication.php(180): CWebApplication->processRequest()
#2 /home/slava/www/yii.loc/store/index.php(13): CApplication->run()
#3 {main}
REQUEST_URI=/store/index.php/store
---
2013/08/31 16:55:29 [error] [exception.CHttpException.404] exception 'CHttpException' with message 'Unable to resolve the request "store".' in /home/slava/www/yii.loc/yii/framework/web/CWebApplication.php:286
Stack trace:
#0 /home/slava/www/yii.loc/yii/framework/web/CWebApplication.php(141): CWebApplication->runController('store')
#1 /home/slava/www/yii.loc/yii/framework/base/CApplication.php(180): CWebApplication->processRequest()
#2 /home/slava/www/yii.loc/store/index.php(13): CApplication->run()
#3 {main}
REQUEST_URI=/store/index.php/store
---
2013/08/31 17:40:58 [error] [exception.CHttpException.404] exception 'CHttpException' with message 'Unable to resolve the request "css/main.css".' in /home/slava/www/yii.loc/yii/framework/web/CWebApplication.php:286
Stack trace:
#0 /home/slava/www/yii.loc/yii/framework/web/CWebApplication.php(141): CWebApplication->runController('css/main.css')
#1 /home/slava/www/yii.loc/yii/framework/base/CApplication.php(180): CWebApplication->processRequest()
#2 /home/slava/www/yii.loc/store/index.php(13): CApplication->run()
#3 {main}
REQUEST_URI=/store/css/main.css
HTTP_REFERER=http://yii.loc/store/
---
2013/08/31 17:40:58 [error] [exception.CHttpException.404] exception 'CHttpException' with message 'Unable to resolve the request "css/print.css".' in /home/slava/www/yii.loc/yii/framework/web/CWebApplication.php:286
Stack trace:
#0 /home/slava/www/yii.loc/yii/framework/web/CWebApplication.php(141): CWebApplication->runController('css/print.css')
#1 /home/slava/www/yii.loc/yii/framework/base/CApplication.php(180): CWebApplication->processRequest()
#2 /home/slava/www/yii.loc/store/index.php(13): CApplication->run()
#3 {main}
REQUEST_URI=/store/css/print.css
HTTP_REFERER=http://yii.loc/store/
---
2013/08/31 17:40:58 [error] [exception.CHttpException.404] exception 'CHttpException' with message 'Unable to resolve the request "css/screen.css".' in /home/slava/www/yii.loc/yii/framework/web/CWebApplication.php:286
Stack trace:
#0 /home/slava/www/yii.loc/yii/framework/web/CWebApplication.php(141): CWebApplication->runController('css/screen.css')
#1 /home/slava/www/yii.loc/yii/framework/base/CApplication.php(180): CWebApplication->processRequest()
#2 /home/slava/www/yii.loc/store/index.php(13): CApplication->run()
#3 {main}
REQUEST_URI=/store/css/screen.css
HTTP_REFERER=http://yii.loc/store/
---
2013/08/31 17:40:58 [error] [exception.CHttpException.404] exception 'CHttpException' with message 'Unable to resolve the request "css/form.css".' in /home/slava/www/yii.loc/yii/framework/web/CWebApplication.php:286
Stack trace:
#0 /home/slava/www/yii.loc/yii/framework/web/CWebApplication.php(141): CWebApplication->runController('css/form.css')
#1 /home/slava/www/yii.loc/yii/framework/base/CApplication.php(180): CWebApplication->processRequest()
#2 /home/slava/www/yii.loc/store/index.php(13): CApplication->run()
#3 {main}
REQUEST_URI=/store/css/form.css
HTTP_REFERER=http://yii.loc/store/
---
2013/08/31 17:41:04 [error] [exception.CHttpException.404] exception 'CHttpException' with message 'Unable to resolve the request "css/screen.css".' in /home/slava/www/yii.loc/yii/framework/web/CWebApplication.php:286
Stack trace:
#0 /home/slava/www/yii.loc/yii/framework/web/CWebApplication.php(141): CWebApplication->runController('css/screen.css')
#1 /home/slava/www/yii.loc/yii/framework/base/CApplication.php(180): CWebApplication->processRequest()
#2 /home/slava/www/yii.loc/store/index.php(13): CApplication->run()
#3 {main}
REQUEST_URI=/store/css/screen.css
HTTP_REFERER=http://yii.loc/store/
---
2013/08/31 17:41:04 [error] [exception.CHttpException.404] exception 'CHttpException' with message 'Unable to resolve the request "css/form.css".' in /home/slava/www/yii.loc/yii/framework/web/CWebApplication.php:286
Stack trace:
#0 /home/slava/www/yii.loc/yii/framework/web/CWebApplication.php(141): CWebApplication->runController('css/form.css')
#1 /home/slava/www/yii.loc/yii/framework/base/CApplication.php(180): CWebApplication->processRequest()
#2 /home/slava/www/yii.loc/store/index.php(13): CApplication->run()
#3 {main}
REQUEST_URI=/store/css/form.css
HTTP_REFERER=http://yii.loc/store/
---
2013/08/31 17:41:04 [error] [exception.CHttpException.404] exception 'CHttpException' with message 'Unable to resolve the request "css/main.css".' in /home/slava/www/yii.loc/yii/framework/web/CWebApplication.php:286
Stack trace:
#0 /home/slava/www/yii.loc/yii/framework/web/CWebApplication.php(141): CWebApplication->runController('css/main.css')
#1 /home/slava/www/yii.loc/yii/framework/base/CApplication.php(180): CWebApplication->processRequest()
#2 /home/slava/www/yii.loc/store/index.php(13): CApplication->run()
#3 {main}
REQUEST_URI=/store/css/main.css
HTTP_REFERER=http://yii.loc/store/
---
2013/08/31 17:41:04 [error] [exception.CHttpException.404] exception 'CHttpException' with message 'Unable to resolve the request "css/print.css".' in /home/slava/www/yii.loc/yii/framework/web/CWebApplication.php:286
Stack trace:
#0 /home/slava/www/yii.loc/yii/framework/web/CWebApplication.php(141): CWebApplication->runController('css/print.css')
#1 /home/slava/www/yii.loc/yii/framework/base/CApplication.php(180): CWebApplication->processRequest()
#2 /home/slava/www/yii.loc/store/index.php(13): CApplication->run()
#3 {main}
REQUEST_URI=/store/css/print.css
HTTP_REFERER=http://yii.loc/store/
---
2013/08/31 17:41:12 [error] [exception.CHttpException.404] exception 'CHttpException' with message 'Unable to resolve the request "css/screen.css".' in /home/slava/www/yii.loc/yii/framework/web/CWebApplication.php:286
Stack trace:
#0 /home/slava/www/yii.loc/yii/framework/web/CWebApplication.php(141): CWebApplication->runController('css/screen.css')
#1 /home/slava/www/yii.loc/yii/framework/base/CApplication.php(180): CWebApplication->processRequest()
#2 /home/slava/www/yii.loc/store/index.php(13): CApplication->run()
#3 {main}
REQUEST_URI=/store/css/screen.css
HTTP_REFERER=http://yii.loc/store/
---
2013/08/31 17:41:12 [error] [exception.CHttpException.404] exception 'CHttpException' with message 'Unable to resolve the request "css/main.css".' in /home/slava/www/yii.loc/yii/framework/web/CWebApplication.php:286
Stack trace:
#0 /home/slava/www/yii.loc/yii/framework/web/CWebApplication.php(141): CWebApplication->runController('css/main.css')
#1 /home/slava/www/yii.loc/yii/framework/base/CApplication.php(180): CWebApplication->processRequest()
#2 /home/slava/www/yii.loc/store/index.php(13): CApplication->run()
#3 {main}
REQUEST_URI=/store/css/main.css
HTTP_REFERER=http://yii.loc/store/
---
2013/08/31 17:41:12 [error] [exception.CHttpException.404] exception 'CHttpException' with message 'Unable to resolve the request "css/print.css".' in /home/slava/www/yii.loc/yii/framework/web/CWebApplication.php:286
Stack trace:
#0 /home/slava/www/yii.loc/yii/framework/web/CWebApplication.php(141): CWebApplication->runController('css/print.css')
#1 /home/slava/www/yii.loc/yii/framework/base/CApplication.php(180): CWebApplication->processRequest()
#2 /home/slava/www/yii.loc/store/index.php(13): CApplication->run()
#3 {main}
REQUEST_URI=/store/css/print.css
HTTP_REFERER=http://yii.loc/store/
---
2013/08/31 17:41:12 [error] [exception.CHttpException.404] exception 'CHttpException' with message 'Unable to resolve the request "css/form.css".' in /home/slava/www/yii.loc/yii/framework/web/CWebApplication.php:286
Stack trace:
#0 /home/slava/www/yii.loc/yii/framework/web/CWebApplication.php(141): CWebApplication->runController('css/form.css')
#1 /home/slava/www/yii.loc/yii/framework/base/CApplication.php(180): CWebApplication->processRequest()
#2 /home/slava/www/yii.loc/store/index.php(13): CApplication->run()
#3 {main}
REQUEST_URI=/store/css/form.css
HTTP_REFERER=http://yii.loc/store/
---
2013/08/31 17:41:25 [error] [exception.CHttpException.404] exception 'CHttpException' with message 'Unable to resolve the request "css/screen.css".' in /home/slava/www/yii.loc/yii/framework/web/CWebApplication.php:286
Stack trace:
#0 /home/slava/www/yii.loc/yii/framework/web/CWebApplication.php(141): CWebApplication->runController('css/screen.css')
#1 /home/slava/www/yii.loc/yii/framework/base/CApplication.php(180): CWebApplication->processRequest()
#2 /home/slava/www/yii.loc/store/index.php(13): CApplication->run()
#3 {main}
REQUEST_URI=/store/css/screen.css
HTTP_REFERER=http://yii.loc/store/
---
2013/08/31 17:41:25 [error] [exception.CHttpException.404] exception 'CHttpException' with message 'Unable to resolve the request "css/print.css".' in /home/slava/www/yii.loc/yii/framework/web/CWebApplication.php:286
Stack trace:
#0 /home/slava/www/yii.loc/yii/framework/web/CWebApplication.php(141): CWebApplication->runController('css/print.css')
#1 /home/slava/www/yii.loc/yii/framework/base/CApplication.php(180): CWebApplication->processRequest()
#2 /home/slava/www/yii.loc/store/index.php(13): CApplication->run()
#3 {main}
REQUEST_URI=/store/css/print.css
HTTP_REFERER=http://yii.loc/store/
---
2013/08/31 17:41:25 [error] [exception.CHttpException.404] exception 'CHttpException' with message 'Unable to resolve the request "css/main.css".' in /home/slava/www/yii.loc/yii/framework/web/CWebApplication.php:286
Stack trace:
#0 /home/slava/www/yii.loc/yii/framework/web/CWebApplication.php(141): CWebApplication->runController('css/main.css')
#1 /home/slava/www/yii.loc/yii/framework/base/CApplication.php(180): CWebApplication->processRequest()
#2 /home/slava/www/yii.loc/store/index.php(13): CApplication->run()
#3 {main}
REQUEST_URI=/store/css/main.css
HTTP_REFERER=http://yii.loc/store/
---
2013/08/31 17:41:25 [error] [exception.CHttpException.404] exception 'CHttpException' with message 'Unable to resolve the request "css/form.css".' in /home/slava/www/yii.loc/yii/framework/web/CWebApplication.php:286
Stack trace:
#0 /home/slava/www/yii.loc/yii/framework/web/CWebApplication.php(141): CWebApplication->runController('css/form.css')
#1 /home/slava/www/yii.loc/yii/framework/base/CApplication.php(180): CWebApplication->processRequest()
#2 /home/slava/www/yii.loc/store/index.php(13): CApplication->run()
#3 {main}
REQUEST_URI=/store/css/form.css
HTTP_REFERER=http://yii.loc/store/
---
2013/08/31 17:42:21 [error] [exception.CHttpException.404] exception 'CHttpException' with message 'Unable to resolve the request "css/screen.css".' in /home/slava/www/yii.loc/yii/framework/web/CWebApplication.php:286
Stack trace:
#0 /home/slava/www/yii.loc/yii/framework/web/CWebApplication.php(141): CWebApplication->runController('css/screen.css')
#1 /home/slava/www/yii.loc/yii/framework/base/CApplication.php(180): CWebApplication->processRequest()
#2 /home/slava/www/yii.loc/store/index.php(13): CApplication->run()
#3 {main}
REQUEST_URI=/store/css/screen.css
HTTP_REFERER=http://yii.loc/store/
---
2013/08/31 17:42:21 [error] [exception.CHttpException.404] exception 'CHttpException' with message 'Unable to resolve the request "css/print.css".' in /home/slava/www/yii.loc/yii/framework/web/CWebApplication.php:286
Stack trace:
#0 /home/slava/www/yii.loc/yii/framework/web/CWebApplication.php(141): CWebApplication->runController('css/print.css')
#1 /home/slava/www/yii.loc/yii/framework/base/CApplication.php(180): CWebApplication->processRequest()
#2 /home/slava/www/yii.loc/store/index.php(13): CApplication->run()
#3 {main}
REQUEST_URI=/store/css/print.css
HTTP_REFERER=http://yii.loc/store/
---
2013/08/31 17:42:21 [error] [exception.CHttpException.404] exception 'CHttpException' with message 'Unable to resolve the request "css/form.css".' in /home/slava/www/yii.loc/yii/framework/web/CWebApplication.php:286
Stack trace:
#0 /home/slava/www/yii.loc/yii/framework/web/CWebApplication.php(141): CWebApplication->runController('css/form.css')
#1 /home/slava/www/yii.loc/yii/framework/base/CApplication.php(180): CWebApplication->processRequest()
#2 /home/slava/www/yii.loc/store/index.php(13): CApplication->run()
#3 {main}
REQUEST_URI=/store/css/form.css
HTTP_REFERER=http://yii.loc/store/
---
2013/08/31 17:42:21 [error] [exception.CHttpException.404] exception 'CHttpException' with message 'Unable to resolve the request "css/main.css".' in /home/slava/www/yii.loc/yii/framework/web/CWebApplication.php:286
Stack trace:
#0 /home/slava/www/yii.loc/yii/framework/web/CWebApplication.php(141): CWebApplication->runController('css/main.css')
#1 /home/slava/www/yii.loc/yii/framework/base/CApplication.php(180): CWebApplication->processRequest()
#2 /home/slava/www/yii.loc/store/index.php(13): CApplication->run()
#3 {main}
REQUEST_URI=/store/css/main.css
HTTP_REFERER=http://yii.loc/store/
---
2013/08/31 17:42:22 [error] [exception.CHttpException.404] exception 'CHttpException' with message 'Unable to resolve the request "css/screen.css".' in /home/slava/www/yii.loc/yii/framework/web/CWebApplication.php:286
Stack trace:
#0 /home/slava/www/yii.loc/yii/framework/web/CWebApplication.php(141): CWebApplication->runController('css/screen.css')
#1 /home/slava/www/yii.loc/yii/framework/base/CApplication.php(180): CWebApplication->processRequest()
#2 /home/slava/www/yii.loc/store/index.php(13): CApplication->run()
#3 {main}
REQUEST_URI=/store/css/screen.css
HTTP_REFERER=http://yii.loc/store/
---
2013/08/31 17:42:22 [error] [exception.CHttpException.404] exception 'CHttpException' with message 'Unable to resolve the request "css/print.css".' in /home/slava/www/yii.loc/yii/framework/web/CWebApplication.php:286
Stack trace:
#0 /home/slava/www/yii.loc/yii/framework/web/CWebApplication.php(141): CWebApplication->runController('css/print.css')
#1 /home/slava/www/yii.loc/yii/framework/base/CApplication.php(180): CWebApplication->processRequest()
#2 /home/slava/www/yii.loc/store/index.php(13): CApplication->run()
#3 {main}
REQUEST_URI=/store/css/print.css
HTTP_REFERER=http://yii.loc/store/
---
2013/08/31 17:42:22 [error] [exception.CHttpException.404] exception 'CHttpException' with message 'Unable to resolve the request "css/form.css".' in /home/slava/www/yii.loc/yii/framework/web/CWebApplication.php:286
Stack trace:
#0 /home/slava/www/yii.loc/yii/framework/web/CWebApplication.php(141): CWebApplication->runController('css/form.css')
#1 /home/slava/www/yii.loc/yii/framework/base/CApplication.php(180): CWebApplication->processRequest()
#2 /home/slava/www/yii.loc/store/index.php(13): CApplication->run()
#3 {main}
REQUEST_URI=/store/css/form.css
HTTP_REFERER=http://yii.loc/store/
---
2013/08/31 17:42:22 [error] [exception.CHttpException.404] exception 'CHttpException' with message 'Unable to resolve the request "css/main.css".' in /home/slava/www/yii.loc/yii/framework/web/CWebApplication.php:286
Stack trace:
#0 /home/slava/www/yii.loc/yii/framework/web/CWebApplication.php(141): CWebApplication->runController('css/main.css')
#1 /home/slava/www/yii.loc/yii/framework/base/CApplication.php(180): CWebApplication->processRequest()
#2 /home/slava/www/yii.loc/store/index.php(13): CApplication->run()
#3 {main}
REQUEST_URI=/store/css/main.css
HTTP_REFERER=http://yii.loc/store/
---
2013/08/31 17:43:04 [error] [exception.CHttpException.404] exception 'CHttpException' with message 'Unable to resolve the request "css/main.css".' in /home/slava/www/yii.loc/yii/framework/web/CWebApplication.php:286
Stack trace:
#0 /home/slava/www/yii.loc/yii/framework/web/CWebApplication.php(141): CWebApplication->runController('css/main.css')
#1 /home/slava/www/yii.loc/yii/framework/base/CApplication.php(180): CWebApplication->processRequest()
#2 /home/slava/www/yii.loc/store/index.php(13): CApplication->run()
#3 {main}
REQUEST_URI=/store/css/main.css
HTTP_REFERER=http://yii.loc/store/
---
2013/08/31 17:43:04 [error] [exception.CHttpException.404] exception 'CHttpException' with message 'Unable to resolve the request "css/screen.css".' in /home/slava/www/yii.loc/yii/framework/web/CWebApplication.php:286
Stack trace:
#0 /home/slava/www/yii.loc/yii/framework/web/CWebApplication.php(141): CWebApplication->runController('css/screen.css')
#1 /home/slava/www/yii.loc/yii/framework/base/CApplication.php(180): CWebApplication->processRequest()
#2 /home/slava/www/yii.loc/store/index.php(13): CApplication->run()
#3 {main}
REQUEST_URI=/store/css/screen.css
HTTP_REFERER=http://yii.loc/store/
---
2013/08/31 17:43:04 [error] [exception.CHttpException.404] exception 'CHttpException' with message 'Unable to resolve the request "css/print.css".' in /home/slava/www/yii.loc/yii/framework/web/CWebApplication.php:286
Stack trace:
#0 /home/slava/www/yii.loc/yii/framework/web/CWebApplication.php(141): CWebApplication->runController('css/print.css')
#1 /home/slava/www/yii.loc/yii/framework/base/CApplication.php(180): CWebApplication->processRequest()
#2 /home/slava/www/yii.loc/store/index.php(13): CApplication->run()
#3 {main}
REQUEST_URI=/store/css/print.css
HTTP_REFERER=http://yii.loc/store/
---
2013/08/31 17:43:04 [error] [exception.CHttpException.404] exception 'CHttpException' with message 'Unable to resolve the request "css/form.css".' in /home/slava/www/yii.loc/yii/framework/web/CWebApplication.php:286
Stack trace:
#0 /home/slava/www/yii.loc/yii/framework/web/CWebApplication.php(141): CWebApplication->runController('css/form.css')
#1 /home/slava/www/yii.loc/yii/framework/base/CApplication.php(180): CWebApplication->processRequest()
#2 /home/slava/www/yii.loc/store/index.php(13): CApplication->run()
#3 {main}
REQUEST_URI=/store/css/form.css
HTTP_REFERER=http://yii.loc/store/
---
2013/08/31 17:43:05 [error] [exception.CHttpException.404] exception 'CHttpException' with message 'Unable to resolve the request "css/main.css".' in /home/slava/www/yii.loc/yii/framework/web/CWebApplication.php:286
Stack trace:
#0 /home/slava/www/yii.loc/yii/framework/web/CWebApplication.php(141): CWebApplication->runController('css/main.css')
#1 /home/slava/www/yii.loc/yii/framework/base/CApplication.php(180): CWebApplication->processRequest()
#2 /home/slava/www/yii.loc/store/index.php(13): CApplication->run()
#3 {main}
REQUEST_URI=/store/css/main.css
HTTP_REFERER=http://yii.loc/store/
---
2013/08/31 17:43:05 [error] [exception.CHttpException.404] exception 'CHttpException' with message 'Unable to resolve the request "css/screen.css".' in /home/slava/www/yii.loc/yii/framework/web/CWebApplication.php:286
Stack trace:
#0 /home/slava/www/yii.loc/yii/framework/web/CWebApplication.php(141): CWebApplication->runController('css/screen.css')
#1 /home/slava/www/yii.loc/yii/framework/base/CApplication.php(180): CWebApplication->processRequest()
#2 /home/slava/www/yii.loc/store/index.php(13): CApplication->run()
#3 {main}
REQUEST_URI=/store/css/screen.css
HTTP_REFERER=http://yii.loc/store/
---
2013/08/31 17:43:05 [error] [exception.CHttpException.404] exception 'CHttpException' with message 'Unable to resolve the request "css/form.css".' in /home/slava/www/yii.loc/yii/framework/web/CWebApplication.php:286
Stack trace:
#0 /home/slava/www/yii.loc/yii/framework/web/CWebApplication.php(141): CWebApplication->runController('css/form.css')
#1 /home/slava/www/yii.loc/yii/framework/base/CApplication.php(180): CWebApplication->processRequest()
#2 /home/slava/www/yii.loc/store/index.php(13): CApplication->run()
#3 {main}
REQUEST_URI=/store/css/form.css
HTTP_REFERER=http://yii.loc/store/
---
2013/08/31 17:43:05 [error] [exception.CHttpException.404] exception 'CHttpException' with message 'Unable to resolve the request "css/print.css".' in /home/slava/www/yii.loc/yii/framework/web/CWebApplication.php:286
Stack trace:
#0 /home/slava/www/yii.loc/yii/framework/web/CWebApplication.php(141): CWebApplication->runController('css/print.css')
#1 /home/slava/www/yii.loc/yii/framework/base/CApplication.php(180): CWebApplication->processRequest()
#2 /home/slava/www/yii.loc/store/index.php(13): CApplication->run()
#3 {main}
REQUEST_URI=/store/css/print.css
HTTP_REFERER=http://yii.loc/store/
---
2013/08/31 17:43:31 [error] [exception.CHttpException.404] exception 'CHttpException' with message 'Unable to resolve the request "css/screen.css".' in /home/slava/www/yii.loc/yii/framework/web/CWebApplication.php:286
Stack trace:
#0 /home/slava/www/yii.loc/yii/framework/web/CWebApplication.php(141): CWebApplication->runController('css/screen.css')
#1 /home/slava/www/yii.loc/yii/framework/base/CApplication.php(180): CWebApplication->processRequest()
#2 /home/slava/www/yii.loc/store/index.php(13): CApplication->run()
#3 {main}
REQUEST_URI=/store/css/screen.css
HTTP_REFERER=http://yii.loc/store/
---
2013/08/31 17:43:31 [error] [exception.CHttpException.404] exception 'CHttpException' with message 'Unable to resolve the request "css/print.css".' in /home/slava/www/yii.loc/yii/framework/web/CWebApplication.php:286
Stack trace:
#0 /home/slava/www/yii.loc/yii/framework/web/CWebApplication.php(141): CWebApplication->runController('css/print.css')
#1 /home/slava/www/yii.loc/yii/framework/base/CApplication.php(180): CWebApplication->processRequest()
#2 /home/slava/www/yii.loc/store/index.php(13): CApplication->run()
#3 {main}
REQUEST_URI=/store/css/print.css
HTTP_REFERER=http://yii.loc/store/
---
2013/08/31 17:43:31 [error] [exception.CHttpException.404] exception 'CHttpException' with message 'Unable to resolve the request "css/form.css".' in /home/slava/www/yii.loc/yii/framework/web/CWebApplication.php:286
Stack trace:
#0 /home/slava/www/yii.loc/yii/framework/web/CWebApplication.php(141): CWebApplication->runController('css/form.css')
#1 /home/slava/www/yii.loc/yii/framework/base/CApplication.php(180): CWebApplication->processRequest()
#2 /home/slava/www/yii.loc/store/index.php(13): CApplication->run()
#3 {main}
REQUEST_URI=/store/css/form.css
HTTP_REFERER=http://yii.loc/store/
---
2013/08/31 17:43:31 [error] [exception.CHttpException.404] exception 'CHttpException' with message 'Unable to resolve the request "css/main.css".' in /home/slava/www/yii.loc/yii/framework/web/CWebApplication.php:286
Stack trace:
#0 /home/slava/www/yii.loc/yii/framework/web/CWebApplication.php(141): CWebApplication->runController('css/main.css')
#1 /home/slava/www/yii.loc/yii/framework/base/CApplication.php(180): CWebApplication->processRequest()
#2 /home/slava/www/yii.loc/store/index.php(13): CApplication->run()
#3 {main}
REQUEST_URI=/store/css/main.css
HTTP_REFERER=http://yii.loc/store/
---
2013/08/31 19:50:05 [error] [php] Undefined index: dir (/home/slava/www/yii.loc/store/protected/controllers/DropboxController.php:83)
Stack trace:
#0 /home/slava/www/yii.loc/yii/framework/web/CController.php(286): DropboxController->runAction()
#1 /home/slava/www/yii.loc/yii/framework/web/CController.php(265): DropboxController->runActionWithFilters()
#2 /home/slava/www/yii.loc/yii/framework/web/CWebApplication.php(282): DropboxController->run()
#3 /home/slava/www/yii.loc/yii/framework/web/CWebApplication.php(141): CWebApplication->runController()
#4 /home/slava/www/yii.loc/yii/framework/base/CApplication.php(180): CWebApplication->processRequest()
#5 /home/slava/www/yii.loc/store/index.php(13): CWebApplication->run()
REQUEST_URI=/store/dropbox/download
in /home/slava/www/yii.loc/store/protected/controllers/DropboxController.php (83)
in /home/slava/www/yii.loc/store/index.php (13)
